This file contains any messages produced by compilers while
running configure, to aid debugging if configure makes a mistake.

It was created by HFold_iterative configure 1.0, which was
generated by GNU Autoconf 2.69.  Invocation command line was

  $ ./configure SIMFOLD_HOME=/home/hiufungk/Desktop/simfold_library

## --------- ##
## Platform. ##
## --------- ##

hostname = 593851-PC
uname -m = x86_64
uname -r = 3.10.0-514.16.1.el7.x86_64
uname -s = Linux
uname -v = #1 SMP Wed Apr 12 15:04:24 UTC 2017

/usr/bin/uname -p = x86_64
/bin/uname -X     = unknown

/bin/arch              = x86_64
/usr/bin/arch -k       = unknown
/usr/convex/getsysinfo = unknown
/usr/bin/hostinfo      = unknown
/bin/machine           = unknown
/usr/bin/oslevel       = unknown
/bin/universe          = unknown

PATH: /opt/maven/bin
PATH: /usr/lib64/qt-3.3/bin
PATH: /home/hiufungk/perl5/bin
PATH: /opt/maven/bin
PATH: /usr/local/bin
PATH: /usr/local/sbin
PATH: /usr/bin
PATH: /usr/sbin
PATH: /bin
PATH: /sbin
PATH: /home/hiufungk/.local/bin
PATH: /home/hiufungk/bin


## ----------- ##
## Core tests. ##
## ----------- ##

configure:2132: checking for g++
configure:2148: found /usr/bin/g++
configure:2159: result: g++
configure:2186: checking for C++ compiler version
configure:2195: g++ --version >&5
g++ (GCC) 4.8.5 20150623 (Red Hat 4.8.5-11)
Copyright (C) 2015 Free Software Foundation, Inc.
This is free software; see the source for copying conditions.  There is NO
warranty; not even for MERCHANTABILITY or FITNESS FOR A PARTICULAR PURPOSE.

configure:2206: $? = 0
configure:2195: g++ -v >&5
Using built-in specs.
COLLECT_GCC=g++
COLLECT_LTO_WRAPPER=/usr/libexec/gcc/x86_64-redhat-linux/4.8.5/lto-wrapper
Target: x86_64-redhat-linux
Configured with: ../configure --prefix=/usr --mandir=/usr/share/man --infodir=/usr/share/info --with-bugurl=http://bugzilla.redhat.com/bugzilla --enable-bootstrap --enable-shared --enable-threads=posix --enable-checking=release --with-system-zlib --enable-__cxa_atexit --disable-libunwind-exceptions --enable-gnu-unique-object --enable-linker-build-id --with-linker-hash-style=gnu --enable-languages=c,c++,objc,obj-c++,java,fortran,ada,go,lto --enable-plugin --enable-initfini-array --disable-libgcj --with-isl=/builddir/build/BUILD/gcc-4.8.5-20150702/obj-x86_64-redhat-linux/isl-install --with-cloog=/builddir/build/BUILD/gcc-4.8.5-20150702/obj-x86_64-redhat-linux/cloog-install --enable-gnu-indirect-function --with-tune=generic --with-arch_32=x86-64 --build=x86_64-redhat-linux
Thread model: posix
gcc version 4.8.5 20150623 (Red Hat 4.8.5-11) (GCC) 
configure:2206: $? = 0
configure:2195: g++ -V >&5
g++: error: unrecognized command line option '-V'
g++: fatal error: no input files
compilation terminated.
configure:2206: $? = 4
configure:2195: g++ -qversion >&5
g++: error: unrecognized command line option '-qversion'
g++: fatal error: no input files
compilation terminated.
configure:2206: $? = 4
configure:2226: checking whether the C++ compiler works
configure:2248: g++    conftest.cpp  >&5
configure:2252: $? = 0
configure:2300: result: yes
configure:2303: checking for C++ compiler default output file name
configure:2305: result: a.out
configure:2311: checking for suffix of executables
configure:2318: g++ -o conftest    conftest.cpp  >&5
configure:2322: $? = 0
configure:2344: result: 
configure:2366: checking whether we are cross compiling
configure:2374: g++ -o conftest    conftest.cpp  >&5
configure:2378: $? = 0
configure:2385: ./conftest
configure:2389: $? = 0
configure:2404: result: no
configure:2409: checking for suffix of object files
configure:2431: g++ -c   conftest.cpp >&5
configure:2435: $? = 0
configure:2456: result: o
configure:2460: checking whether we are using the GNU C++ compiler
configure:2479: g++ -c   conftest.cpp >&5
configure:2479: $? = 0
configure:2488: result: yes
configure:2497: checking whether g++ accepts -g
configure:2517: g++ -c -g  conftest.cpp >&5
configure:2517: $? = 0
configure:2558: result: yes
configure:2586: checking how to run the C++ preprocessor
configure:2613: g++ -E  conftest.cpp
configure:2613: $? = 0
configure:2627: g++ -E  conftest.cpp
conftest.cpp:9:28: fatal error: ac_nonexistent.h: No such file or directory
 #include <ac_nonexistent.h>
                            ^
compilation terminated.
configure:2627: $? = 1
configure: failed program was:
| /* confdefs.h */
| #define PACKAGE_NAME "HFold_iterative"
| #define PACKAGE_TARNAME "hfold_iterative"
| #define PACKAGE_VERSION "1.0"
| #define PACKAGE_STRING "HFold_iterative 1.0"
| #define PACKAGE_BUGREPORT "jabbari@ualberta.ca"
| #define PACKAGE_URL ""
| /* end confdefs.h.  */
| #include <ac_nonexistent.h>
configure:2652: result: g++ -E
configure:2672: g++ -E  conftest.cpp
configure:2672: $? = 0
configure:2686: g++ -E  conftest.cpp
conftest.cpp:9:28: fatal error: ac_nonexistent.h: No such file or directory
 #include <ac_nonexistent.h>
                            ^
compilation terminated.
configure:2686: $? = 1
configure: failed program was:
| /* confdefs.h */
| #define PACKAGE_NAME "HFold_iterative"
| #define PACKAGE_TARNAME "hfold_iterative"
| #define PACKAGE_VERSION "1.0"
| #define PACKAGE_STRING "HFold_iterative 1.0"
| #define PACKAGE_BUGREPORT "jabbari@ualberta.ca"
| #define PACKAGE_URL ""
| /* end confdefs.h.  */
| #include <ac_nonexistent.h>
configure:2826: checking for C++ compiler version
configure:2835: g++ --version >&5
g++ (GCC) 4.8.5 20150623 (Red Hat 4.8.5-11)
Copyright (C) 2015 Free Software Foundation, Inc.
This is free software; see the source for copying conditions.  There is NO
warranty; not even for MERCHANTABILITY or FITNESS FOR A PARTICULAR PURPOSE.

configure:2846: $? = 0
configure:2835: g++ -v >&5
Using built-in specs.
COLLECT_GCC=g++
COLLECT_LTO_WRAPPER=/usr/libexec/gcc/x86_64-redhat-linux/4.8.5/lto-wrapper
Target: x86_64-redhat-linux
Configured with: ../configure --prefix=/usr --mandir=/usr/share/man --infodir=/usr/share/info --with-bugurl=http://bugzilla.redhat.com/bugzilla --enable-bootstrap --enable-shared --enable-threads=posix --enable-checking=release --with-system-zlib --enable-__cxa_atexit --disable-libunwind-exceptions --enable-gnu-unique-object --enable-linker-build-id --with-linker-hash-style=gnu --enable-languages=c,c++,objc,obj-c++,java,fortran,ada,go,lto --enable-plugin --enable-initfini-array --disable-libgcj --with-isl=/builddir/build/BUILD/gcc-4.8.5-20150702/obj-x86_64-redhat-linux/isl-install --with-cloog=/builddir/build/BUILD/gcc-4.8.5-20150702/obj-x86_64-redhat-linux/cloog-install --enable-gnu-indirect-function --with-tune=generic --with-arch_32=x86-64 --build=x86_64-redhat-linux
Thread model: posix
gcc version 4.8.5 20150623 (Red Hat 4.8.5-11) (GCC) 
configure:2846: $? = 0
configure:2835: g++ -V >&5
g++: error: unrecognized command line option '-V'
g++: fatal error: no input files
compilation terminated.
configure:2846: $? = 4
configure:2835: g++ -qversion >&5
g++: error: unrecognized command line option '-qversion'
g++: fatal error: no input files
compilation terminated.
configure:2846: $? = 4
configure:2850: checking whether we are using the GNU C++ compiler
configure:2878: result: yes
configure:2887: checking whether g++ accepts -g
configure:2948: result: yes
configure:3019: checking for gcc
configure:3035: found /usr/bin/gcc
configure:3046: result: gcc
configure:3275: checking for C compiler version
configure:3284: gcc --version >&5
gcc (GCC) 4.8.5 20150623 (Red Hat 4.8.5-11)
Copyright (C) 2015 Free Software Foundation, Inc.
This is free software; see the source for copying conditions.  There is NO
warranty; not even for MERCHANTABILITY or FITNESS FOR A PARTICULAR PURPOSE.

configure:3295: $? = 0
configure:3284: gcc -v >&5
Using built-in specs.
COLLECT_GCC=gcc
COLLECT_LTO_WRAPPER=/usr/libexec/gcc/x86_64-redhat-linux/4.8.5/lto-wrapper
Target: x86_64-redhat-linux
Configured with: ../configure --prefix=/usr --mandir=/usr/share/man --infodir=/usr/share/info --with-bugurl=http://bugzilla.redhat.com/bugzilla --enable-bootstrap --enable-shared --enable-threads=posix --enable-checking=release --with-system-zlib --enable-__cxa_atexit --disable-libunwind-exceptions --enable-gnu-unique-object --enable-linker-build-id --with-linker-hash-style=gnu --enable-languages=c,c++,objc,obj-c++,java,fortran,ada,go,lto --enable-plugin --enable-initfini-array --disable-libgcj --with-isl=/builddir/build/BUILD/gcc-4.8.5-20150702/obj-x86_64-redhat-linux/isl-install --with-cloog=/builddir/build/BUILD/gcc-4.8.5-20150702/obj-x86_64-redhat-linux/cloog-install --enable-gnu-indirect-function --with-tune=generic --with-arch_32=x86-64 --build=x86_64-redhat-linux
Thread model: posix
gcc version 4.8.5 20150623 (Red Hat 4.8.5-11) (GCC) 
configure:3295: $? = 0
configure:3284: gcc -V >&5
gcc: error: unrecognized command line option '-V'
gcc: fatal error: no input files
compilation terminated.
configure:3295: $? = 4
configure:3284: gcc -qversion >&5
gcc: error: unrecognized command line option '-qversion'
gcc: fatal error: no input files
compilation terminated.
configure:3295: $? = 4
configure:3299: checking whether we are using the GNU C compiler
configure:3318: gcc -c   conftest.c >&5
configure:3318: $? = 0
configure:3327: result: yes
configure:3336: checking whether gcc accepts -g
configure:3356: gcc -c -g  conftest.c >&5
configure:3356: $? = 0
configure:3397: result: yes
configure:3414: checking for gcc option to accept ISO C89
configure:3477: gcc  -c -g -O2  conftest.c >&5
configure:3477: $? = 0
configure:3490: result: none needed
configure:3558: checking for a BSD-compatible install
configure:3626: result: /usr/bin/install -c
configure:3637: checking whether build environment is sane
configure:3692: result: yes
configure:3843: checking for a thread-safe mkdir -p
configure:3882: result: /usr/bin/mkdir -p
configure:3889: checking for gawk
configure:3905: found /usr/bin/gawk
configure:3916: result: gawk
configure:3927: checking whether make sets $(MAKE)
configure:3949: result: yes
configure:3979: checking for style of include used by make
configure:4007: result: GNU
configure:4041: checking whether make supports nested variables
configure:4058: result: yes
configure:4143: checking dependency style of gcc
configure:4254: result: gcc3
configure:4271: checking dependency style of g++
configure:4382: result: gcc3
configure:4403: checking whether to build with debug information
configure:4412: result: no
configure:4428: checking for pkg-config
configure:4444: found /usr/bin/pkg-config
configure:4456: result: true
configure:4535: checking for pkg-config
configure:4553: found /usr/bin/pkg-config
configure:4565: result: /usr/bin/pkg-config
configure:4590: checking pkg-config is at least version 0.9.0
configure:4593: result: yes
configure:4603: checking for SIMFOLD
configure:4610: $PKG_CONFIG --exists --print-errors "simfold >= 1.0"
configure:4613: $? = 0
configure:4627: $PKG_CONFIG --exists --print-errors "simfold >= 1.0"
configure:4630: $? = 0
configure:4668: result: yes
configure:4712: checking whether g++ supports C++11 features by default
configure:4767: g++ -c -g -O2  conftest.cpp >&5
conftest.cpp:17:21: error: expected identifier before 'sizeof'
       static_assert(sizeof(int) <= sizeof(T), "not big enough");
                     ^
conftest.cpp:17:21: error: expected ',' or '...' before 'sizeof'
conftest.cpp:17:63: error: ISO C++ forbids declaration of 'static_assert' with no type [-fpermissive]
       static_assert(sizeof(int) <= sizeof(T), "not big enough");
                                                               ^
conftest.cpp:24:20: warning: override controls (override/final) only available with -std=c++11 or -std=gnu++11 [enabled by default]
     virtual void f() override {}
                    ^
conftest.cpp:27:29: error: '>>' should be '> >' within a nested template argument list
     typedef check<check<bool>> right_angle_brackets;
                             ^
conftest.cpp:30:13: error: expected constructor, destructor, or type conversion before '(' token
     decltype(a) b;
             ^
conftest.cpp:34:15: error: expected unqualified-id before '&&' token
     check_type&& cr = static_cast<check_type&&>(c);
               ^
conftest.cpp:36:10: error: 'd' does not name a type
     auto d = a;
          ^
conftest.cpp:37:10: error: 'l' does not name a type
     auto l = [](){};
          ^
conftest.cpp:45:9: error: expected unqualified-id before 'using'
         using member = typename T::member_type;
         ^
conftest.cpp:51:19: error: variable or field 'func' declared void
         void func(member<T>*) {}
                   ^
conftest.cpp:51:19: error: 'member' was not declared in this scope
conftest.cpp:51:27: error: expected primary-expression before '>' token
         void func(member<T>*) {}
                           ^
conftest.cpp:51:29: error: expected primary-expression before ')' token
         void func(member<T>*) {}
                             ^
configure:4767: $? = 1
configure: failed program was:
| /* confdefs.h */
| #define PACKAGE_NAME "HFold_iterative"
| #define PACKAGE_TARNAME "hfold_iterative"
| #define PACKAGE_VERSION "1.0"
| #define PACKAGE_STRING "HFold_iterative 1.0"
| #define PACKAGE_BUGREPORT "jabbari@ualberta.ca"
| #define PACKAGE_URL ""
| #define PACKAGE "hfold_iterative"
| #define VERSION "1.0"
| #define NDEBUG /**/
| #define SIMFOLD_HOME "/home/hiufungk/Desktop/simfold_library"
| /* end confdefs.h.  */
| 
|   template <typename T>
|     struct check
|     {
|       static_assert(sizeof(int) <= sizeof(T), "not big enough");
|     };
| 
|     struct Base {
|     virtual void f() {}
|     };
|     struct Child : public Base {
|     virtual void f() override {}
|     };
| 
|     typedef check<check<bool>> right_angle_brackets;
| 
|     int a;
|     decltype(a) b;
| 
|     typedef check<int> check_type;
|     check_type c;
|     check_type&& cr = static_cast<check_type&&>(c);
| 
|     auto d = a;
|     auto l = [](){};
| 
|     // http://stackoverflow.com/questions/13728184/template-aliases-and-sfinae
|     // Clang 3.1 fails with headers of libstd++ 4.8.3 when using std::function because of this
|     namespace test_template_alias_sfinae {
|         struct foo {};
| 
|         template<typename T>
|         using member = typename T::member_type;
| 
|         template<typename T>
|         void func(...) {}
| 
|         template<typename T>
|         void func(member<T>*) {}
| 
|         void test();
| 
|         void test() {
|             func<foo>(0);
|         }
|     }
| 
configure:4774: result: no
configure:4783: checking whether g++ supports C++11 features with -std=gnu++11
configure:4840: g++ -c -g -O2 -std=gnu++11  conftest.cpp >&5
configure:4840: $? = 0
configure:4849: result: yes
configure:4964: checking for grep that handles long lines and -e
configure:5022: result: /usr/bin/grep
configure:5027: checking for egrep
configure:5089: result: /usr/bin/grep -E
configure:5094: checking for ANSI C header files
configure:5114: g++ -c -g -O2 -std=gnu++11  conftest.cpp >&5
configure:5114: $? = 0
configure:5187: g++ -o conftest -g -O2 -std=gnu++11  -Wl,-rpath,/home/hiufungk/Desktop/simfold_library/lib conftest.cpp -L/home/hiufungk/Desktop/simfold_library/lib -lsimfold    >&5
configure:5187: $? = 0
configure:5187: ./conftest
configure:5187: $? = 0
configure:5198: result: yes
configure:5212: checking for sys/types.h
configure:5212: g++ -c -g -O2 -std=gnu++11  conftest.cpp >&5
configure:5212: $? = 0
configure:5212: result: yes
configure:5212: checking for sys/stat.h
configure:5212: g++ -c -g -O2 -std=gnu++11  conftest.cpp >&5
configure:5212: $? = 0
configure:5212: result: yes
configure:5212: checking for stdlib.h
configure:5212: g++ -c -g -O2 -std=gnu++11  conftest.cpp >&5
configure:5212: $? = 0
configure:5212: result: yes
configure:5212: checking for string.h
configure:5212: g++ -c -g -O2 -std=gnu++11  conftest.cpp >&5
configure:5212: $? = 0
configure:5212: result: yes
configure:5212: checking for memory.h
configure:5212: g++ -c -g -O2 -std=gnu++11  conftest.cpp >&5
configure:5212: $? = 0
configure:5212: result: yes
configure:5212: checking for strings.h
configure:5212: g++ -c -g -O2 -std=gnu++11  conftest.cpp >&5
configure:5212: $? = 0
configure:5212: result: yes
configure:5212: checking for inttypes.h
configure:5212: g++ -c -g -O2 -std=gnu++11  conftest.cpp >&5
configure:5212: $? = 0
configure:5212: result: yes
configure:5212: checking for stdint.h
configure:5212: g++ -c -g -O2 -std=gnu++11  conftest.cpp >&5
configure:5212: $? = 0
configure:5212: result: yes
configure:5212: checking for unistd.h
configure:5212: g++ -c -g -O2 -std=gnu++11  conftest.cpp >&5
configure:5212: $? = 0
configure:5212: result: yes
configure:5224: checking for size_t
configure:5224: g++ -c -g -O2 -std=gnu++11  conftest.cpp >&5
configure:5224: $? = 0
configure:5224: g++ -c -g -O2 -std=gnu++11  conftest.cpp >&5
conftest.cpp: In function 'int main()':
conftest.cpp:59:20: error: expected primary-expression before ')' token
 if (sizeof ((size_t)))
                    ^
configure:5224: $? = 1
configure: failed program was:
| /* confdefs.h */
| #define PACKAGE_NAME "HFold_iterative"
| #define PACKAGE_TARNAME "hfold_iterative"
| #define PACKAGE_VERSION "1.0"
| #define PACKAGE_STRING "HFold_iterative 1.0"
| #define PACKAGE_BUGREPORT "jabbari@ualberta.ca"
| #define PACKAGE_URL ""
| #define PACKAGE "hfold_iterative"
| #define VERSION "1.0"
| #define NDEBUG /**/
| #define SIMFOLD_HOME "/home/hiufungk/Desktop/simfold_library"
| #define STDC_HEADERS 1
| #define HAVE_SYS_TYPES_H 1
| #define HAVE_SYS_STAT_H 1
| #define HAVE_STDLIB_H 1
| #define HAVE_STRING_H 1
| #define HAVE_MEMORY_H 1
| #define HAVE_STRINGS_H 1
| #define HAVE_INTTYPES_H 1
| #define HAVE_STDINT_H 1
| #define HAVE_UNISTD_H 1
| /* end confdefs.h.  */
| #include <stdio.h>
| #ifdef HAVE_SYS_TYPES_H
| # include <sys/types.h>
| #endif
| #ifdef HAVE_SYS_STAT_H
| # include <sys/stat.h>
| #endif
| #ifdef STDC_HEADERS
| # include <stdlib.h>
| # include <stddef.h>
| #else
| # ifdef HAVE_STDLIB_H
| #  include <stdlib.h>
| # endif
| #endif
| #ifdef HAVE_STRING_H
| # if !defined STDC_HEADERS && defined HAVE_MEMORY_H
| #  include <memory.h>
| # endif
| # include <string.h>
| #endif
| #ifdef HAVE_STRINGS_H
| # include <strings.h>
| #endif
| #ifdef HAVE_INTTYPES_H
| # include <inttypes.h>
| #endif
| #ifdef HAVE_STDINT_H
| # include <stdint.h>
| #endif
| #ifdef HAVE_UNISTD_H
| # include <unistd.h>
| #endif
| int
| main ()
| {
| if (sizeof ((size_t)))
| 	    return 0;
|   ;
|   return 0;
| }
configure:5224: result: yes
configure:5384: checking that generated files are newer than configure
configure:5390: result: done
configure:5417: creating ./config.status

## ---------------------- ##
## Running config.status. ##
## ---------------------- ##

This file was extended by HFold_iterative config.status 1.0, which was
generated by GNU Autoconf 2.69.  Invocation command line was

  CONFIG_FILES    = 
  CONFIG_HEADERS  = 
  CONFIG_LINKS    = 
  CONFIG_COMMANDS = 
  $ ./config.status 

on 593851-PC

config.status:793: creating Makefile
config.status:965: executing depfiles commands

## ---------------- ##
## Cache variables. ##
## ---------------- ##

ac_cv_c_compiler_gnu=yes
ac_cv_cxx_compiler_gnu=yes
ac_cv_env_CCC_set=
ac_cv_env_CCC_value=
ac_cv_env_CC_set=
ac_cv_env_CC_value=
ac_cv_env_CFLAGS_set=
ac_cv_env_CFLAGS_value=
ac_cv_env_CPPFLAGS_set=
ac_cv_env_CPPFLAGS_value=
ac_cv_env_CXXCPP_set=
ac_cv_env_CXXCPP_value=
ac_cv_env_CXXFLAGS_set=
ac_cv_env_CXXFLAGS_value=
ac_cv_env_CXX_set=
ac_cv_env_CXX_value=
ac_cv_env_LDFLAGS_set=
ac_cv_env_LDFLAGS_value=
ac_cv_env_LIBS_set=
ac_cv_env_LIBS_value=
ac_cv_env_PKG_CONFIG_LIBDIR_set=
ac_cv_env_PKG_CONFIG_LIBDIR_value=
ac_cv_env_PKG_CONFIG_PATH_set=
ac_cv_env_PKG_CONFIG_PATH_value=
ac_cv_env_PKG_CONFIG_set=
ac_cv_env_PKG_CONFIG_value=
ac_cv_env_SIMFOLD_CFLAGS_set=
ac_cv_env_SIMFOLD_CFLAGS_value=
ac_cv_env_SIMFOLD_HOME_set=set
ac_cv_env_SIMFOLD_HOME_value=/home/hiufungk/Desktop/simfold_library
ac_cv_env_SIMFOLD_LIBS_set=
ac_cv_env_SIMFOLD_LIBS_value=
ac_cv_env_build_alias_set=
ac_cv_env_build_alias_value=
ac_cv_env_host_alias_set=
ac_cv_env_host_alias_value=
ac_cv_env_target_alias_set=
ac_cv_env_target_alias_value=
ac_cv_header_inttypes_h=yes
ac_cv_header_memory_h=yes
ac_cv_header_stdc=yes
ac_cv_header_stdint_h=yes
ac_cv_header_stdlib_h=yes
ac_cv_header_string_h=yes
ac_cv_header_strings_h=yes
ac_cv_header_sys_stat_h=yes
ac_cv_header_sys_types_h=yes
ac_cv_header_unistd_h=yes
ac_cv_objext=o
ac_cv_path_EGREP='/usr/bin/grep -E'
ac_cv_path_GREP=/usr/bin/grep
ac_cv_path_ac_pt_PKG_CONFIG=/usr/bin/pkg-config
ac_cv_path_install='/usr/bin/install -c'
ac_cv_path_mkdir=/usr/bin/mkdir
ac_cv_prog_AWK=gawk
ac_cv_prog_CXXCPP='g++ -E'
ac_cv_prog_PKG_CONFIG_AVAILABLE=true
ac_cv_prog_ac_ct_CC=gcc
ac_cv_prog_ac_ct_CXX=g++
ac_cv_prog_cc_c89=
ac_cv_prog_cc_g=yes
ac_cv_prog_cxx_g=yes
ac_cv_prog_make_make_set=yes
ac_cv_type_size_t=yes
am_cv_CC_dependencies_compiler_type=gcc3
am_cv_CXX_dependencies_compiler_type=gcc3
am_cv_make_support_nested_variables=yes
ax_cv_cxx_compile_cxx11=no
ax_cv_cxx_compile_cxx11__std_gnupp11=yes
pkg_cv_SIMFOLD_CFLAGS='-I/home/hiufungk/Desktop/simfold_library/include  '
pkg_cv_SIMFOLD_LIBS='-L/home/hiufungk/Desktop/simfold_library/lib -lsimfold  '

## ----------------- ##
## Output variables. ##
## ----------------- ##

ACLOCAL='${SHELL} /home/hiufungk/Desktop/hfold_iterative_min/missing aclocal-1.13'
AMDEPBACKSLASH='\'
AMDEP_FALSE='#'
AMDEP_TRUE=''
AMTAR='$${TAR-tar}'
AM_BACKSLASH='\'
AM_CXXFLAGS='-I/home/hiufungk/Desktop/simfold_library/include   '
AM_DEFAULT_V='$(AM_DEFAULT_VERBOSITY)'
AM_DEFAULT_VERBOSITY='1'
AM_LDFLAGS=''
AM_V='$(V)'
AUTOCONF='${SHELL} /home/hiufungk/Desktop/hfold_iterative_min/missing autoconf'
AUTOHEADER='${SHELL} /home/hiufungk/Desktop/hfold_iterative_min/missing autoheader'
AUTOMAKE='${SHELL} /home/hiufungk/Desktop/hfold_iterative_min/missing automake-1.13'
AWK='gawk'
CC='gcc'
CCDEPMODE='depmode=gcc3'
CFLAGS='-g -O2'
CPPFLAGS=''
CXX='g++'
CXXCPP='g++ -E'
CXXDEPMODE='depmode=gcc3'
CXXFLAGS='-g -O2 -std=gnu++11'
CYGPATH_W='echo'
DEFS='-DPACKAGE_NAME=\"HFold_iterative\" -DPACKAGE_TARNAME=\"hfold_iterative\" -DPACKAGE_VERSION=\"1.0\" -DPACKAGE_STRING=\"HFold_iterative\ 1.0\" -DPACKAGE_BUGREPORT=\"jabbari@ualberta.ca\" -DPACKAGE_URL=\"\" -DPACKAGE=\"hfold_iterative\" -DVERSION=\"1.0\" -DNDEBUG=/\*\*/ -DSIMFOLD_HOME=\"/home/hiufungk/Desktop/simfold_library\" -DSTDC_HEADERS=1 -DHAVE_SYS_TYPES_H=1 -DHAVE_SYS_STAT_H=1 -DHAVE_STDLIB_H=1 -DHAVE_STRING_H=1 -DHAVE_MEMORY_H=1 -DHAVE_STRINGS_H=1 -DHAVE_INTTYPES_H=1 -DHAVE_STDINT_H=1 -DHAVE_UNISTD_H=1'
DEPDIR='.deps'
ECHO_C=''
ECHO_N='-n'
ECHO_T=''
EGREP='/usr/bin/grep -E'
EXEEXT=''
GREP='/usr/bin/grep'
HAVE_CXX11=''
INSTALL_DATA='${INSTALL} -m 644'
INSTALL_PROGRAM='${INSTALL}'
INSTALL_SCRIPT='${INSTALL}'
INSTALL_STRIP_PROGRAM='$(install_sh) -c -s'
LDFLAGS='-Wl,-rpath,/home/hiufungk/Desktop/simfold_library/lib'
LIBOBJS=''
LIBS='-L/home/hiufungk/Desktop/simfold_library/lib -lsimfold   '
LTLIBOBJS=''
MAKEINFO='${SHELL} /home/hiufungk/Desktop/hfold_iterative_min/missing makeinfo'
MKDIR_P='/usr/bin/mkdir -p'
OBJEXT='o'
PACKAGE='hfold_iterative'
PACKAGE_BUGREPORT='jabbari@ualberta.ca'
PACKAGE_NAME='HFold_iterative'
PACKAGE_STRING='HFold_iterative 1.0'
PACKAGE_TARNAME='hfold_iterative'
PACKAGE_URL=''
PACKAGE_VERSION='1.0'
PATH_SEPARATOR=':'
PKG_CONFIG='/usr/bin/pkg-config'
PKG_CONFIG_AVAILABLE='true'
PKG_CONFIG_LIBDIR=''
PKG_CONFIG_PATH='/home/hiufungk/Desktop/simfold_library/lib/pkgconfig:'
SET_MAKE=''
SHELL='/bin/sh'
SIMFOLD_CFLAGS='-I/home/hiufungk/Desktop/simfold_library/include  '
SIMFOLD_HOME='/home/hiufungk/Desktop/simfold_library'
SIMFOLD_LIBS='-L/home/hiufungk/Desktop/simfold_library/lib -lsimfold  '
STRIP=''
VERSION='1.0'
ac_ct_CC='gcc'
ac_ct_CXX='g++'
am__EXEEXT_FALSE=''
am__EXEEXT_TRUE='#'
am__fastdepCC_FALSE='#'
am__fastdepCC_TRUE=''
am__fastdepCXX_FALSE='#'
am__fastdepCXX_TRUE=''
am__include='include'
am__isrc=''
am__leading_dot='.'
am__nodep='_no'
am__quote=''
am__tar='$${TAR-tar} chof - "$$tardir"'
am__untar='$${TAR-tar} xf -'
bindir='${exec_prefix}/bin'
build_alias=''
datadir='${datarootdir}'
datarootdir='${prefix}/share'
docdir='${datarootdir}/doc/${PACKAGE_TARNAME}'
dvidir='${docdir}'
exec_prefix='${prefix}'
host_alias=''
htmldir='${docdir}'
includedir='${prefix}/include'
infodir='${datarootdir}/info'
install_sh='${SHELL} /home/hiufungk/Desktop/hfold_iterative_min/install-sh'
libdir='${exec_prefix}/lib'
libexecdir='${exec_prefix}/libexec'
localedir='${datarootdir}/locale'
localstatedir='${prefix}/var'
mandir='${datarootdir}/man'
mkdir_p='$(MKDIR_P)'
oldincludedir='/usr/include'
pdfdir='${docdir}'
prefix='/usr/local'
program_transform_name='s,x,x,'
psdir='${docdir}'
sbindir='${exec_prefix}/sbin'
sharedstatedir='${prefix}/com'
sysconfdir='${prefix}/etc'
target_alias=''

## ----------- ##
## confdefs.h. ##
## ----------- ##

/* confdefs.h */
#define PACKAGE_NAME "HFold_iterative"
#define PACKAGE_TARNAME "hfold_iterative"
#define PACKAGE_VERSION "1.0"
#define PACKAGE_STRING "HFold_iterative 1.0"
#define PACKAGE_BUGREPORT "jabbari@ualberta.ca"
#define PACKAGE_URL ""
#define PACKAGE "hfold_iterative"
#define VERSION "1.0"
#define NDEBUG /**/
#define SIMFOLD_HOME "/home/hiufungk/Desktop/simfold_library"
#define STDC_HEADERS 1
#define HAVE_SYS_TYPES_H 1
#define HAVE_SYS_STAT_H 1
#define HAVE_STDLIB_H 1
#define HAVE_STRING_H 1
#define HAVE_MEMORY_H 1
#define HAVE_STRINGS_H 1
#define HAVE_INTTYPES_H 1
#define HAVE_STDINT_H 1
#define HAVE_UNISTD_H 1

configure: exit 0
